#
# A fatal error has been detected by the Java Runtime Environment:
#
#  EXCEPTION_ACCESS_VIOLATION (0xc0000005) at pc=0x00007ffdb7915663, pid=14440, tid=14412
#
# JRE version:  (11.0.15+8) (build )
# Java VM: Java HotSpot(TM) 64-Bit Server VM (11.0.15+8-LTS-149, mixed mode, sharing, tiered, compressed oops, g1 gc, windows-amd64)
# Problematic frame:
# V  [jvm.dll+0x1c5663]
#
# No core dump will be written. Minidumps are not enabled by default on client versions of Windows
#
#

---------------  S U M M A R Y ------------

Command Line: c:\Users\jorge\.vscode\extensions\salesforce.salesforce-vscode-slds-1.4.8\lsp-0.0.13-executable.jar --PORT=49890

Host: 11th Gen Intel(R) Core(TM) i5-1135G7 @ 2.40GHz, 8 cores, 7G,  Windows 11 , 64 bit Build 22000 (10.0.22000.708)
Time: Sat Aug  6 13:47:48 2022 Hora oficial do Brasil elapsed time: 0.022660 seconds (0d 0h 0m 0s)

---------------  T H R E A D  ---------------

Current thread (0x0000025e09899800):  JavaThread "Unknown thread" [_thread_in_vm, id=14412, stack(0x00000074d0900000,0x00000074d0a00000)]

Stack: [0x00000074d0900000,0x00000074d0a00000],  sp=0x00000074d09febc0,  free space=1018k
Native frames: (J=compiled Java code, j=interpreted, Vv=VM code, C=native code)
V  [jvm.dll+0x1c5663]
V  [jvm.dll+0x1c3873]
V  [jvm.dll+0x346a9b]
V  [jvm.dll+0x723810]
V  [jvm.dll+0x3b56cf]
V  [jvm.dll+0x3b77e1]
C  [jli.dll+0x5207]
C  [ucrtbase.dll+0x26c0c]
C  [KERNEL32.DLL+0x154e0]
C  [ntdll.dll+0x485b]


siginfo: EXCEPTION_ACCESS_VIOLATION (0xc0000005), reading address 0x0000000000000000


Registers:
RAX=0x0000dc7799820188, RBX=0x0000000000000000, RCX=0x0000000000000000, RDX=0x00007ffe1f04d0d8
RSP=0x00000074d09febc0, RBP=0x0000000000000000, RSI=0x0000025e09899800, RDI=0x0000000000000000
R8 =0x0000000000000000, R9 =0x0000000000000000, R10=0x0000000000000000, R11=0x00000074d09fe980
R12=0x0000000000000000, R13=0x00007ffdb7d26bf0, R14=0x0000025e0773f108, R15=0x00000074d09ff908
RIP=0x00007ffdb7915663, EFLAGS=0x0000000000010256

Top of Stack: (sp=0x00000074d09febc0)
0x00000074d09febc0:   0000025e0774b9d0 00007ffe24ceb510
0x00000074d09febd0:   00000074d09ff908 0000025e0773f108
0x00000074d09febe0:   0000000000000000 00000074d09ff0e0
0x00000074d09febf0:   00000074d09fece0 00007ffdb7d26bf0
0x00000074d09fec00:   000056ff31747c77 00007ffdb7e46f6b
0x00000074d09fec10:   00007ffe1f040000 00000074d09ff908
0x00000074d09fec20:   0000025e0773f108 00007ffdb7d26bf0
0x00000074d09fec30:   0000000000000000 00007ffdb791371a
0x00000074d09fec40:   0000000000000000 00007ffe24cee45c
0x00000074d09fec50:   00007ffdb7f9b710 00007ffdb7da0093
0x00000074d09fec60:   0000dc7799820188 0000025e0773f108
0x00000074d09fec70:   00007ffd00000000 00007ffdb7d26bf0
0x00000074d09fec80:   0000025e09899800 00000074d09feda0
0x00000074d09fec90:   0000000000000000 00007ffdb7913873
0x00000074d09feca0:   00007ffe1dff0000 00007ffe1f04d0d8
0x00000074d09fecb0:   00000074d09feda0 0000025e09899800 

Instructions: (pc=0x00007ffdb7915663)
0x00007ffdb7915643:   00 48 33 c4 48 89 84 24 a0 00 00 00 48 8b e9 48
0x00007ffdb7915653:   c7 c3 ff ff ff ff 0f 1f 80 00 00 00 00 48 ff c3
0x00007ffdb7915663:   80 3c 0b 00 75 f7 33 f6 c6 44 24 30 01 40 38 35
0x00007ffdb7915673:   ff f5 87 00 74 17 40 38 35 50 5c 87 00 75 0e 33 



---------------  P R O C E S S  ---------------

Threads class SMR info:
_java_thread_list=0x0000025e0773eee0, length=0, elements={
}

Java Threads: ( => current thread )

Other Threads:

=>0x0000025e09899800 (exited) JavaThread "Unknown thread" [_thread_in_vm, id=14412, stack(0x00000074d0900000,0x00000074d0a00000)]

Threads with active compile tasks:

VM state:not at safepoint (not fully initialized)

VM Mutex/Monitor currently owned by a thread: None


[error occurred during error reporting (printing compressed oops mode), id 0xc0000005, EXCEPTION_ACCESS_VIOLATION (0xc0000005) at pc=0x00007ffdb7e8ede7]

Deoptimization events (0 events):
No events

Classes redefined (0 events):
No events

Internal exceptions (0 events):
No events

Events (0 events):
No events


Dynamic libraries:
0x00007ff7a87a0000 - 0x00007ff7a87af000 	C:\Program Files\Java\jdk-11.0.15\bin\java.exe
0x00007ffe27440000 - 0x00007ffe27649000 	C:\WINDOWS\SYSTEM32\ntdll.dll
0x00007ffe26c40000 - 0x00007ffe26cfd000 	C:\WINDOWS\System32\KERNEL32.DLL
0x00007ffe24c70000 - 0x00007ffe24fe9000 	C:\WINDOWS\System32\KERNELBASE.dll
0x00007ffe251b0000 - 0x00007ffe252c1000 	C:\WINDOWS\System32\ucrtbase.dll
0x00007ffe1f080000 - 0x00007ffe1f095000 	C:\Program Files\Java\jdk-11.0.15\bin\VCRUNTIME140.dll
0x00007ffe1f0a0000 - 0x00007ffe1f0b8000 	C:\Program Files\Java\jdk-11.0.15\bin\jli.dll
0x00007ffe27100000 - 0x00007ffe271ae000 	C:\WINDOWS\System32\ADVAPI32.dll
0x00007ffe26e20000 - 0x00007ffe26ec3000 	C:\WINDOWS\System32\msvcrt.dll
0x00007ffe26d00000 - 0x00007ffe26d9e000 	C:\WINDOWS\System32\sechost.dll
0x00007ffe26ed0000 - 0x00007ffe26ff0000 	C:\WINDOWS\System32\RPCRT4.dll
0x00007ffe26620000 - 0x00007ffe267cc000 	C:\WINDOWS\System32\USER32.dll
0x00007ffe09260000 - 0x00007ffe09505000 	C:\WINDOWS\WinSxS\amd64_microsoft.windows.common-controls_6595b64144ccf1df_6.0.22000.120_none_9d947278b86cc467\COMCTL32.dll
0x00007ffe24ff0000 - 0x00007ffe25016000 	C:\WINDOWS\System32\win32u.dll
0x00007ffe273d0000 - 0x00007ffe273f9000 	C:\WINDOWS\System32\GDI32.dll
0x00007ffe1d770000 - 0x00007ffe1d77a000 	C:\WINDOWS\SYSTEM32\VERSION.dll
0x00007ffe24b50000 - 0x00007ffe24c62000 	C:\WINDOWS\System32\gdi32full.dll
0x00007ffe25020000 - 0x00007ffe250bd000 	C:\WINDOWS\System32\msvcp_win.dll
0x00007ffe25680000 - 0x00007ffe256b1000 	C:\WINDOWS\System32\IMM32.DLL
0x00007ffdb8270000 - 0x00007ffdb830b000 	C:\Program Files\Java\jdk-11.0.15\bin\msvcp140.dll
0x00007ffdb7750000 - 0x00007ffdb8266000 	C:\Program Files\Java\jdk-11.0.15\bin\server\jvm.dll
0x00007ffe258a0000 - 0x00007ffe258a8000 	C:\WINDOWS\System32\PSAPI.DLL
0x00007ffe0a6f0000 - 0x00007ffe0a6f9000 	C:\WINDOWS\SYSTEM32\WSOCK32.dll
0x00007ffe26db0000 - 0x00007ffe26e1f000 	C:\WINDOWS\System32\WS2_32.dll
0x00007ffe1ddd0000 - 0x00007ffe1de03000 	C:\WINDOWS\SYSTEM32\WINMM.dll
0x00007ffe23a90000 - 0x00007ffe23aa8000 	C:\WINDOWS\SYSTEM32\kernel.appcore.dll
0x00007ffe1f070000 - 0x00007ffe1f080000 	C:\Program Files\Java\jdk-11.0.15\bin\verify.dll
0x00007ffe18d40000 - 0x00007ffe18f61000 	C:\WINDOWS\SYSTEM32\DBGHELP.DLL
0x00007ffe0bc50000 - 0x00007ffe0bc81000 	C:\WINDOWS\SYSTEM32\dbgcore.DLL
0x00007ffe25130000 - 0x00007ffe251af000 	C:\WINDOWS\System32\bcryptPrimitives.dll
0x00007ffe1f040000 - 0x00007ffe1f068000 	C:\Program Files\Java\jdk-11.0.15\bin\java.dll
0x00007ffe1e010000 - 0x00007ffe1e01a000 	C:\Program Files\Java\jdk-11.0.15\bin\jimage.dll
0x00007ffe1dff0000 - 0x00007ffe1e006000 	C:\Program Files\Java\jdk-11.0.15\bin\zip.dll

dbghelp: loaded successfully - version: 4.0.5 - missing functions: none
symbol engine: initialized successfully - sym options: 0x614 - pdb path: .;C:\Program Files\Java\jdk-11.0.15\bin;C:\WINDOWS\SYSTEM32;C:\WINDOWS\WinSxS\amd64_microsoft.windows.common-controls_6595b64144ccf1df_6.0.22000.120_none_9d947278b86cc467;C:\Program Files\Java\jdk-11.0.15\bin\server

VM Arguments:
java_command: c:\Users\jorge\.vscode\extensions\salesforce.salesforce-vscode-slds-1.4.8\lsp-0.0.13-executable.jar --PORT=49890
java_class_path (initial): c:\Users\jorge\.vscode\extensions\salesforce.salesforce-vscode-slds-1.4.8\lsp-0.0.13-executable.jar
Launcher Type: SUN_STANDARD

[Global flags]
     uint G1ConcRefinementThreads                  = 8                                         {product} {ergonomic}
    uintx GCDrainStackTargetSize                   = 64                                        {product} {ergonomic}
   size_t InitialHeapSize                          = 130601856                                 {product} {ergonomic}
   size_t MaxHeapSize                              = 2089629696                                {product} {ergonomic}
    uintx ReservedCodeCacheSize                    = 251658240                              {pd product} {ergonomic}
     bool SegmentedCodeCache                       = true                                      {product} {ergonomic}
     bool UseCompressedClassPointers               = true                                 {lp64_product} {ergonomic}
     bool UseCompressedOops                        = true                                 {lp64_product} {ergonomic}
     bool UseG1GC                                  = true                                      {product} {ergonomic}
     bool UseLargePagesIndividualAllocation        = false                                  {pd product} {ergonomic}

Logging:
Log output configuration:
 #0: stdout all=warning uptime,level,tags
 #1: stderr all=off uptime,level,tags

Environment Variables:
JAVA_HOME=C:\Program Files\Java\jdk-11.0.15
PATH=C:\Program Files\Common Files\Oracle\Java\javapath;C:\Python310\Scripts\;C:\Python310\;C:\WINDOWS\system32;C:\WINDOWS;C:\WINDOWS\System32\Wbem;C:\WINDOWS\System32\WindowsPowerShell\v1.0\;C:\WINDOWS\System32\OpenSSH\;C:\Program Files\Git\cmd;C:\ProgramData\chocolatey\bin;C:\Program Files\nodejs\;C:\Program Files\OpenJDK\openjdk-8u342-b07\bin;C:\Users\jorge\AppData\Local\Microsoft\WindowsApps;C:\Users\jorge\AppData\Local\Programs\Microsoft VS Code\bin;C:\Program Files\sfdx\bin;C:\Program Files\JetBrains\IntelliJ IDEA 2021.3.3\bin;;C:\Users\jorge\AppData\Roaming\npm;C:\Users\jorge\AppData\Local\Android\Sdk\platform-tools;
USERNAME=jorge
OS=Windows_NT
PROCESSOR_IDENTIFIER=Intel64 Family 6 Model 140 Stepping 1, GenuineIntel



---------------  S Y S T E M  ---------------

OS: Windows 11 , 64 bit Build 22000 (10.0.22000.708)

CPU:total 8 (initial active 8) 

Memory: 4k page, system-wide physical 7971M (496M free)
TotalPageFile size 13603M (AvailPageFile size 5937M)
current process WorkingSet (physical memory assigned to process): 8M, peak: 8M
current process commit charge ("private bytes"): 3M, peak: 3M

vm_info: Java HotSpot(TM) 64-Bit Server VM (11.0.15+8-LTS-149) for windows-amd64 JRE (11.0.15+8-LTS-149), built on Mar  9 2022 22:42:32 by "mach5one" with MS VC++ 15.9 (VS2017)

END.
